[2026-01-19 08:12:45] INFO Server started successfully
[2026-01-19 08:13:02] INFO Database connection established
[2026-01-19 08:15:21] WARN Connection pool approaching limit
[2026-01-19 08:17:43] INFO Request received from client
[2026-01-19 08:18:05] ERROR Database query timeout
[2026-01-19 08:19:12] ERROR Failed to process request
[2026-01-19 08:20:33] INFO Connection pool size adjusted
[2026-01-19 08:22:54] WARN High memory usage detected
[2026-01-19 08:25:17] INFO Cache cleared successfully
[2026-01-19 08:27:41] ERROR Authentication failed for user
[2026-01-19 08:30:08] INFO Request completed successfully
[2026-01-19 08:32:29] WARN Database connection slow
[2026-01-19 08:35:52] INFO Background task started
[2026-01-19 08:38:14] ERROR Network timeout occurred
[2026-01-19 08:40:37] INFO Service health check passed
[2026-01-19 08:43:59] WARN Disk space running low
[2026-01-19 08:46:21] INFO User session created
[2026-01-19 08:48:44] ERROR Invalid request format
[2026-01-19 08:51:07] INFO Database backup completed
[2026-01-19 08:53:29] WARN API rate limit exceeded
[2026-01-19 08:55:52] INFO Configuration reloaded
[2026-01-19 08:58:14] ERROR Connection refused by remote host
[2026-01-19 09:00:37] INFO Scheduled maintenance started
[2026-01-19 09:03:59] WARN Certificate expiring soon
[2026-01-19 09:06:21] INFO User logout successful
[2026-01-19 09:08:44] ERROR Database deadlock detected
[2026-01-19 09:11:07] INFO Queue processing resumed
[2026-01-19 09:13:29] WARN Memory leak suspected
[2026-01-19 09:15:52] INFO File upload completed
[2026-01-19 09:18:14] ERROR Permission denied