[2026-01-19 09:00:00] INFO Worker pool initialized with 16 threads
[2026-01-19 09:00:05] INFO Database connection pool ready (max=100)
[2026-01-19 09:00:10] DEBUG Configuration loaded from /etc/app/config.yaml
[2026-01-19 09:01:00] INFO Request received: POST /api/v2/orders
[2026-01-19 09:01:01] INFO Request received: GET /api/v2/users
[2026-01-19 09:01:02] INFO Request received: PUT /api/v2/products/42
[2026-01-19 09:01:30] WARN Connection pool at 80% capacity
[2026-01-19 09:02:00] ERROR Database query exceeded timeout threshold
[2026-01-19 09:02:01] ERROR Failed to acquire database connection
[2026-01-19 09:02:02] ERROR Transaction rollback forced due to timeout
[2026-01-19 09:02:03] ERROR Retry attempt 1 failed for order processing
[2026-01-19 09:02:04] ERROR Retry attempt 2 failed for order processing
[2026-01-19 09:02:10] WARN Falling back to read-only cache mode
[2026-01-19 09:03:00] INFO Database recovered, resuming normal operations
[2026-01-19 09:03:30] INFO Request completed: 200 OK in 245ms
[2026-01-19 09:04:00] INFO Metrics flushed to monitoring system
[2026-01-19 09:05:00] WARN Memory usage at 72%, above soft limit
[2026-01-19 09:06:00] INFO Garbage collection cycle completed
[2026-01-19 09:07:00] DEBUG Cache hit ratio: 94.2%
[2026-01-19 09:08:00] INFO Request received: DELETE /api/v2/sessions/expired
[2026-01-19 09:08:30] ERROR Authentication service unreachable
[2026-01-19 09:08:31] ERROR Failed to validate token: auth service down
[2026-01-19 09:08:32] ERROR Rejected 47 requests: no auth service
[2026-01-19 09:09:00] INFO Authentication service restored
[2026-01-19 09:10:00] INFO SSL certificate renewed successfully
[2026-01-19 09:11:00] WARN Slow query detected: 4200ms on reports table
[2026-01-19 09:12:00] INFO Background task: log rotation completed
[2026-01-19 09:13:00] ERROR Disk write failure on volume /data/logs
[2026-01-19 09:13:05] FATAL Storage subsystem critical: I/O error on primary disk
[2026-01-19 09:13:10] ERROR Failed to write transaction log
[2026-01-19 09:14:00] WARN Switched to secondary storage volume
[2026-01-19 09:15:00] INFO Storage health check passed on secondary volume
[2026-01-19 09:16:00] INFO Queue depth normalized after backlog cleared
[2026-01-19 09:17:00] DEBUG Thread pool utilization: 34%
[2026-01-19 09:18:00] INFO Scheduled maintenance window started
[2026-01-19 09:20:00] INFO Maintenance complete, all services nominal
